<?xml version="1.0" encoding="UTF-8"?>
<!-- Generated by org.testng.reporters.JUnitXMLReporter -->
<testsuite hostname="rajus-MBP.fios-router.home" name="Smoke Test" tests="9" failures="0" timestamp="22 Aug 2016 21:10:25 GMT" time="0.031" errors="0">
  <testcase name="@BeforeSuite appiumServerStart" time="0.0" classname="testNGFiles.SmartAppTC1">
    <failure type="java.lang.NullPointerException">
      <![CDATA[java.lang.NullPointerException
	at testNGFiles.SmartAppTC1.appiumServerStart(SmartAppTC1.java:51)
... Removed 19 stack frames]]>
    </failure>
  </testcase> <!-- @BeforeSuite appiumServerStart -->
  <testcase name="@BeforeTest initalSetUp" time="0.0" classname="testNGFiles.SmartAppTC1">
    <skipped/>
  </testcase> <!-- @BeforeTest initalSetUp -->
  <testcase name="@AfterTest tearDown" time="0.0" classname="testNGFiles.SmartAppTC1">
    <skipped/>
  </testcase> <!-- @AfterTest tearDown -->
  <testcase name="login" time="0.0" classname="testNGFiles.SmartAppTC1">
    <skipped/>
  </testcase> <!-- login -->
  <testcase name="clickV16Smoke" time="0.0" classname="testNGFiles.SmartAppTC1">
    <skipped/>
  </testcase> <!-- clickV16Smoke -->
  <testcase name="clickSmartApps" time="0.0" classname="testNGFiles.SmartAppTC1">
    <skipped/>
  </testcase> <!-- clickSmartApps -->
  <testcase name="clickQAPushNotification" time="0.0" classname="testNGFiles.SmartAppTC1">
    <skipped/>
  </testcase> <!-- clickQAPushNotification -->
  <testcase name="clickFAB1" time="0.0" classname="testNGFiles.SmartAppTC1">
    <skipped/>
  </testcase> <!-- clickFAB1 -->
  <testcase name="clickQAPushNotification1" time="0.0" classname="testNGFiles.SmartAppTC1">
    <skipped/>
  </testcase> <!-- clickQAPushNotification1 -->
  <testcase name="enterDataQAPushNotification1" time="0.0" classname="testNGFiles.SmartAppTC1">
    <skipped/>
  </testcase> <!-- enterDataQAPushNotification1 -->
  <testcase name="clickFAB2" time="0.0" classname="testNGFiles.SmartAppTC1">
    <skipped/>
  </testcase> <!-- clickFAB2 -->
  <testcase name="clickADDFAB" time="0.0" classname="testNGFiles.SmartAppTC1">
    <skipped/>
  </testcase> <!-- clickADDFAB -->
</testsuite> <!-- Smoke Test -->
