<?xml version="1.0" encoding="UTF-8"?>
<!-- Generated by org.testng.reporters.JUnitXMLReporter -->
<testsuite hostname="rajus-MBP.fios-router.home" name="Default test" tests="9" failures="0" timestamp="23 Aug 2016 03:43:40 GMT" time="209.381" errors="0">
  <testcase name="login" time="32.662" classname="testNGFiles.SmartAppTC1"/>
  <testcase name="clickV16Smoke" time="85.804" classname="testNGFiles.SmartAppTC1"/>
  <testcase name="clickSmartApps" time="1.245" classname="testNGFiles.SmartAppTC1"/>
  <testcase name="clickQAPushNotification" time="11.627" classname="testNGFiles.SmartAppTC1"/>
  <testcase name="clickFAB1" time="13.574" classname="testNGFiles.SmartAppTC1"/>
  <testcase name="clickQAPushNotification1" time="3.474" classname="testNGFiles.SmartAppTC1"/>
  <testcase name="enterDataQAPushNotification1" time="11.868" classname="testNGFiles.SmartAppTC1"/>
  <testcase name="clickFAB2" time="6.15" classname="testNGFiles.SmartAppTC1"/>
  <testcase name="clickADDFAB" time="1.65" classname="testNGFiles.SmartAppTC1"/>
</testsuite> <!-- Default test -->
